[2024-03-27T01:44:35.914+0000] {processor.py:161} INFO - Started process (PID=35) to work on /opt/airflow/dags/executePostgres.py
[2024-03-27T01:44:35.915+0000] {processor.py:830} INFO - Processing file /opt/airflow/dags/executePostgres.py for tasks to queue
[2024-03-27T01:44:35.918+0000] {logging_mixin.py:188} INFO - [2024-03-27T01:44:35.917+0000] {dagbag.py:540} INFO - Filling up the DagBag from /opt/airflow/dags/executePostgres.py
[2024-03-27T01:44:35.940+0000] {processor.py:840} INFO - DAG(s) 'deploy_project_postgres' retrieved from /opt/airflow/dags/executePostgres.py
[2024-03-27T01:44:36.023+0000] {logging_mixin.py:188} INFO - [2024-03-27T01:44:36.023+0000] {dag.py:3047} INFO - Sync 1 DAGs
[2024-03-27T01:44:36.078+0000] {logging_mixin.py:188} INFO - [2024-03-27T01:44:36.077+0000] {dag.py:3834} INFO - Setting next_dagrun for deploy_project_postgres to 2024-03-26 09:30:00+00:00, run_after=2024-03-27 09:30:00+00:00
[2024-03-27T01:44:36.111+0000] {processor.py:183} INFO - Processing /opt/airflow/dags/executePostgres.py took 0.202 seconds
[2024-03-27T01:45:06.498+0000] {processor.py:161} INFO - Started process (PID=44) to work on /opt/airflow/dags/executePostgres.py
[2024-03-27T01:45:06.500+0000] {processor.py:830} INFO - Processing file /opt/airflow/dags/executePostgres.py for tasks to queue
[2024-03-27T01:45:06.503+0000] {logging_mixin.py:188} INFO - [2024-03-27T01:45:06.502+0000] {dagbag.py:540} INFO - Filling up the DagBag from /opt/airflow/dags/executePostgres.py
[2024-03-27T01:45:06.518+0000] {processor.py:840} INFO - DAG(s) 'deploy_project_postgres' retrieved from /opt/airflow/dags/executePostgres.py
[2024-03-27T01:45:06.545+0000] {logging_mixin.py:188} INFO - [2024-03-27T01:45:06.545+0000] {dag.py:3047} INFO - Sync 1 DAGs
[2024-03-27T01:45:06.568+0000] {logging_mixin.py:188} INFO - [2024-03-27T01:45:06.567+0000] {dag.py:3834} INFO - Setting next_dagrun for deploy_project_postgres to 2024-03-26 09:30:00+00:00, run_after=2024-03-27 09:30:00+00:00
[2024-03-27T01:45:06.587+0000] {processor.py:183} INFO - Processing /opt/airflow/dags/executePostgres.py took 0.099 seconds
[2024-03-27T01:45:36.971+0000] {processor.py:161} INFO - Started process (PID=53) to work on /opt/airflow/dags/executePostgres.py
[2024-03-27T01:45:36.982+0000] {processor.py:830} INFO - Processing file /opt/airflow/dags/executePostgres.py for tasks to queue
[2024-03-27T01:45:36.984+0000] {logging_mixin.py:188} INFO - [2024-03-27T01:45:36.984+0000] {dagbag.py:540} INFO - Filling up the DagBag from /opt/airflow/dags/executePostgres.py
[2024-03-27T01:45:36.998+0000] {processor.py:840} INFO - DAG(s) 'deploy_project_postgres' retrieved from /opt/airflow/dags/executePostgres.py
[2024-03-27T01:45:37.030+0000] {logging_mixin.py:188} INFO - [2024-03-27T01:45:37.030+0000] {dag.py:3047} INFO - Sync 1 DAGs
[2024-03-27T01:45:37.057+0000] {logging_mixin.py:188} INFO - [2024-03-27T01:45:37.057+0000] {dag.py:3834} INFO - Setting next_dagrun for deploy_project_postgres to 2024-03-26 09:30:00+00:00, run_after=2024-03-27 09:30:00+00:00
[2024-03-27T01:45:37.077+0000] {processor.py:183} INFO - Processing /opt/airflow/dags/executePostgres.py took 0.109 seconds
[2024-03-27T01:46:07.303+0000] {processor.py:161} INFO - Started process (PID=63) to work on /opt/airflow/dags/executePostgres.py
[2024-03-27T01:46:07.313+0000] {processor.py:830} INFO - Processing file /opt/airflow/dags/executePostgres.py for tasks to queue
[2024-03-27T01:46:07.316+0000] {logging_mixin.py:188} INFO - [2024-03-27T01:46:07.315+0000] {dagbag.py:540} INFO - Filling up the DagBag from /opt/airflow/dags/executePostgres.py
[2024-03-27T01:46:07.329+0000] {processor.py:840} INFO - DAG(s) 'deploy_project_postgres' retrieved from /opt/airflow/dags/executePostgres.py
[2024-03-27T01:46:07.361+0000] {logging_mixin.py:188} INFO - [2024-03-27T01:46:07.361+0000] {dag.py:3047} INFO - Sync 1 DAGs
[2024-03-27T01:46:07.390+0000] {logging_mixin.py:188} INFO - [2024-03-27T01:46:07.390+0000] {dag.py:3834} INFO - Setting next_dagrun for deploy_project_postgres to 2024-03-26 09:30:00+00:00, run_after=2024-03-27 09:30:00+00:00
[2024-03-27T01:46:07.411+0000] {processor.py:183} INFO - Processing /opt/airflow/dags/executePostgres.py took 0.113 seconds
[2024-03-27T01:46:37.741+0000] {processor.py:161} INFO - Started process (PID=72) to work on /opt/airflow/dags/executePostgres.py
[2024-03-27T01:46:37.751+0000] {processor.py:830} INFO - Processing file /opt/airflow/dags/executePostgres.py for tasks to queue
[2024-03-27T01:46:37.754+0000] {logging_mixin.py:188} INFO - [2024-03-27T01:46:37.753+0000] {dagbag.py:540} INFO - Filling up the DagBag from /opt/airflow/dags/executePostgres.py
[2024-03-27T01:46:37.770+0000] {processor.py:840} INFO - DAG(s) 'deploy_project_postgres' retrieved from /opt/airflow/dags/executePostgres.py
[2024-03-27T01:46:37.800+0000] {logging_mixin.py:188} INFO - [2024-03-27T01:46:37.800+0000] {dag.py:3047} INFO - Sync 1 DAGs
[2024-03-27T01:46:37.826+0000] {logging_mixin.py:188} INFO - [2024-03-27T01:46:37.825+0000] {dag.py:3834} INFO - Setting next_dagrun for deploy_project_postgres to 2024-03-26 09:30:00+00:00, run_after=2024-03-27 09:30:00+00:00
[2024-03-27T01:46:37.846+0000] {processor.py:183} INFO - Processing /opt/airflow/dags/executePostgres.py took 0.114 seconds
