[2024-03-26T03:57:43.512+0000] {taskinstance.py:1979} INFO - Dependencies all met for dep_context=non-requeueable deps ti=<TaskInstance: deploy_java_jar2.task_2 manual__2024-03-26T03:57:40.794885+00:00 [queued]>
[2024-03-26T03:57:43.525+0000] {taskinstance.py:1979} INFO - Dependencies all met for dep_context=requeueable deps ti=<TaskInstance: deploy_java_jar2.task_2 manual__2024-03-26T03:57:40.794885+00:00 [queued]>
[2024-03-26T03:57:43.525+0000] {taskinstance.py:2193} INFO - Starting attempt 1 of 2
[2024-03-26T03:57:43.543+0000] {taskinstance.py:2217} INFO - Executing <Task(BashOperator): task_2> on 2024-03-26 03:57:40.794885+00:00
[2024-03-26T03:57:43.551+0000] {standard_task_runner.py:60} INFO - Started process 364 to run task
[2024-03-26T03:57:43.556+0000] {standard_task_runner.py:87} INFO - Running: ['***', 'tasks', 'run', 'deploy_java_jar2', 'task_2', 'manual__2024-03-26T03:57:40.794885+00:00', '--job-id', '30', '--raw', '--subdir', 'DAGS_FOLDER/execute.py', '--cfg-path', '/tmp/tmpi0qjiyw5']
[2024-03-26T03:57:43.558+0000] {standard_task_runner.py:88} INFO - Job 30: Subtask task_2
[2024-03-26T03:57:43.627+0000] {task_command.py:423} INFO - Running <TaskInstance: deploy_java_jar2.task_2 manual__2024-03-26T03:57:40.794885+00:00 [running]> on host aafb497b2b81
[2024-03-26T03:57:43.731+0000] {taskinstance.py:2513} INFO - Exporting env vars: AIRFLOW_CTX_DAG_OWNER='***' AIRFLOW_CTX_DAG_ID='deploy_java_jar2' AIRFLOW_CTX_TASK_ID='task_2' AIRFLOW_CTX_EXECUTION_DATE='2024-03-26T03:57:40.794885+00:00' AIRFLOW_CTX_TRY_NUMBER='1' AIRFLOW_CTX_DAG_RUN_ID='manual__2024-03-26T03:57:40.794885+00:00'
[2024-03-26T03:57:43.733+0000] {subprocess.py:63} INFO - Tmp dir root location: /tmp
[2024-03-26T03:57:43.734+0000] {subprocess.py:75} INFO - Running command: ['/usr/bin/bash', '-c', 'python /opt/***/dags/handle/query1.py']
[2024-03-26T03:57:43.749+0000] {subprocess.py:86} INFO - Output:
[2024-03-26T03:57:44.163+0000] {subprocess.py:93} INFO - 
[2024-03-26T03:57:44.164+0000] {subprocess.py:93} INFO - Tổng lượng view và click theo Campaign_ID trong một ngày
[2024-03-26T03:57:44.164+0000] {subprocess.py:93} INFO - 
[2024-03-26T03:57:44.164+0000] {subprocess.py:93} INFO - ('campaign_abc', 4, datetime.date(2024, 3, 25))
[2024-03-26T03:57:44.164+0000] {subprocess.py:93} INFO - ('campaign_def', 5, datetime.date(2024, 3, 25))
[2024-03-26T03:57:44.164+0000] {subprocess.py:93} INFO - ('campaign_xyz', 8, datetime.date(2024, 3, 25))
[2024-03-26T03:57:44.164+0000] {subprocess.py:93} INFO - ('campaign_abc', 6, datetime.date(2024, 3, 26))
[2024-03-26T03:57:44.165+0000] {subprocess.py:93} INFO - ('campaign_def', 6, datetime.date(2024, 3, 26))
[2024-03-26T03:57:44.165+0000] {subprocess.py:93} INFO - ('campaign_xyz', 12, datetime.date(2024, 3, 26))
[2024-03-26T03:57:44.165+0000] {subprocess.py:93} INFO - ('campaign_abc', 1, datetime.date(2024, 3, 27))
[2024-03-26T03:57:44.165+0000] {subprocess.py:93} INFO - ('campaign_xyz', 1, datetime.date(2024, 3, 27))
[2024-03-26T03:57:44.191+0000] {subprocess.py:97} INFO - Command exited with return code 0
[2024-03-26T03:57:44.220+0000] {taskinstance.py:1149} INFO - Marking task as SUCCESS. dag_id=deploy_java_jar2, task_id=task_2, execution_date=20240326T035740, start_date=20240326T035743, end_date=20240326T035744
[2024-03-26T03:57:44.249+0000] {local_task_job_runner.py:234} INFO - Task exited with return code 0
[2024-03-26T03:57:44.274+0000] {taskinstance.py:3312} INFO - 1 downstream tasks scheduled from follow-on schedule check
