[2024-03-26T04:16:36.201+0000] {taskinstance.py:1979} INFO - Dependencies all met for dep_context=non-requeueable deps ti=<TaskInstance: deploy_java_jar2.task_3_query1 manual__2024-03-26T04:16:31.244204+00:00 [queued]>
[2024-03-26T04:16:36.215+0000] {taskinstance.py:1979} INFO - Dependencies all met for dep_context=requeueable deps ti=<TaskInstance: deploy_java_jar2.task_3_query1 manual__2024-03-26T04:16:31.244204+00:00 [queued]>
[2024-03-26T04:16:36.215+0000] {taskinstance.py:2193} INFO - Starting attempt 1 of 2
[2024-03-26T04:16:36.234+0000] {taskinstance.py:2217} INFO - Executing <Task(BashOperator): task_3_query1> on 2024-03-26 04:16:31.244204+00:00
[2024-03-26T04:16:36.240+0000] {standard_task_runner.py:60} INFO - Started process 690 to run task
[2024-03-26T04:16:36.244+0000] {standard_task_runner.py:87} INFO - Running: ['***', 'tasks', 'run', 'deploy_java_jar2', 'task_3_query1', 'manual__2024-03-26T04:16:31.244204+00:00', '--job-id', '42', '--raw', '--subdir', 'DAGS_FOLDER/execute.py', '--cfg-path', '/tmp/tmpkvudyzfu']
[2024-03-26T04:16:36.246+0000] {standard_task_runner.py:88} INFO - Job 42: Subtask task_3_query1
[2024-03-26T04:16:36.299+0000] {task_command.py:423} INFO - Running <TaskInstance: deploy_java_jar2.task_3_query1 manual__2024-03-26T04:16:31.244204+00:00 [running]> on host aafb497b2b81
[2024-03-26T04:16:36.398+0000] {taskinstance.py:2513} INFO - Exporting env vars: AIRFLOW_CTX_DAG_OWNER='***' AIRFLOW_CTX_DAG_ID='deploy_java_jar2' AIRFLOW_CTX_TASK_ID='task_3_query1' AIRFLOW_CTX_EXECUTION_DATE='2024-03-26T04:16:31.244204+00:00' AIRFLOW_CTX_TRY_NUMBER='1' AIRFLOW_CTX_DAG_RUN_ID='manual__2024-03-26T04:16:31.244204+00:00'
[2024-03-26T04:16:36.399+0000] {subprocess.py:63} INFO - Tmp dir root location: /tmp
[2024-03-26T04:16:36.400+0000] {subprocess.py:75} INFO - Running command: ['/usr/bin/bash', '-c', 'python /opt/***/dags/handle/query1.py']
[2024-03-26T04:16:36.412+0000] {subprocess.py:86} INFO - Output:
[2024-03-26T04:16:36.712+0000] {subprocess.py:93} INFO - 
[2024-03-26T04:16:36.712+0000] {subprocess.py:93} INFO - Tổng lượng view và click theo Campaign_ID trong một ngày
[2024-03-26T04:16:36.713+0000] {subprocess.py:93} INFO - 
[2024-03-26T04:16:36.713+0000] {subprocess.py:93} INFO - ('campaign_abc', 4, datetime.date(2024, 3, 25))
[2024-03-26T04:16:36.713+0000] {subprocess.py:93} INFO - ('campaign_def', 5, datetime.date(2024, 3, 25))
[2024-03-26T04:16:36.713+0000] {subprocess.py:93} INFO - ('campaign_xyz', 8, datetime.date(2024, 3, 25))
[2024-03-26T04:16:36.713+0000] {subprocess.py:93} INFO - ('campaign_abc', 6, datetime.date(2024, 3, 26))
[2024-03-26T04:16:36.713+0000] {subprocess.py:93} INFO - ('campaign_def', 6, datetime.date(2024, 3, 26))
[2024-03-26T04:16:36.714+0000] {subprocess.py:93} INFO - ('campaign_xyz', 12, datetime.date(2024, 3, 26))
[2024-03-26T04:16:36.714+0000] {subprocess.py:93} INFO - ('campaign_abc', 1, datetime.date(2024, 3, 27))
[2024-03-26T04:16:36.714+0000] {subprocess.py:93} INFO - ('campaign_xyz', 1, datetime.date(2024, 3, 27))
[2024-03-26T04:16:36.739+0000] {subprocess.py:97} INFO - Command exited with return code 0
[2024-03-26T04:16:36.776+0000] {taskinstance.py:1149} INFO - Marking task as SUCCESS. dag_id=deploy_java_jar2, task_id=task_3_query1, execution_date=20240326T041631, start_date=20240326T041636, end_date=20240326T041636
[2024-03-26T04:16:36.816+0000] {local_task_job_runner.py:234} INFO - Task exited with return code 0
[2024-03-26T04:16:36.848+0000] {taskinstance.py:3312} INFO - 0 downstream tasks scheduled from follow-on schedule check
