[2024-03-26T08:15:12.146+0000] {processor.py:161} INFO - Started process (PID=34) to work on /opt/airflow/dags/execute copy.py
[2024-03-26T08:15:12.149+0000] {processor.py:830} INFO - Processing file /opt/airflow/dags/execute copy.py for tasks to queue
[2024-03-26T08:15:12.152+0000] {logging_mixin.py:188} INFO - [2024-03-26T08:15:12.151+0000] {dagbag.py:540} INFO - Filling up the DagBag from /opt/airflow/dags/execute copy.py
[2024-03-26T08:15:12.175+0000] {processor.py:840} INFO - DAG(s) 'deploy_project_postgres' retrieved from /opt/airflow/dags/execute copy.py
[2024-03-26T08:15:12.360+0000] {logging_mixin.py:188} INFO - [2024-03-26T08:15:12.359+0000] {override.py:1769} INFO - Created Permission View: can delete on DAG:deploy_project_postgres
[2024-03-26T08:15:12.377+0000] {logging_mixin.py:188} INFO - [2024-03-26T08:15:12.376+0000] {override.py:1769} INFO - Created Permission View: can read on DAG:deploy_project_postgres
[2024-03-26T08:15:12.403+0000] {logging_mixin.py:188} INFO - [2024-03-26T08:15:12.403+0000] {override.py:1769} INFO - Created Permission View: can edit on DAG:deploy_project_postgres
[2024-03-26T08:15:12.404+0000] {logging_mixin.py:188} INFO - [2024-03-26T08:15:12.404+0000] {dag.py:3047} INFO - Sync 1 DAGs
[2024-03-26T08:15:12.437+0000] {logging_mixin.py:188} INFO - [2024-03-26T08:15:12.436+0000] {dag.py:3069} INFO - Creating ORM DAG for deploy_project_postgres
[2024-03-26T08:15:12.478+0000] {logging_mixin.py:188} INFO - [2024-03-26T08:15:12.478+0000] {dag.py:3834} INFO - Setting next_dagrun for deploy_project_postgres to 2024-03-26 09:30:00+00:00, run_after=2024-03-27 09:30:00+00:00
[2024-03-26T08:15:12.508+0000] {processor.py:183} INFO - Processing /opt/airflow/dags/execute copy.py took 0.367 seconds
[2024-03-26T08:15:42.753+0000] {processor.py:161} INFO - Started process (PID=43) to work on /opt/airflow/dags/execute copy.py
[2024-03-26T08:15:42.755+0000] {processor.py:830} INFO - Processing file /opt/airflow/dags/execute copy.py for tasks to queue
[2024-03-26T08:15:42.757+0000] {logging_mixin.py:188} INFO - [2024-03-26T08:15:42.756+0000] {dagbag.py:540} INFO - Filling up the DagBag from /opt/airflow/dags/execute copy.py
[2024-03-26T08:15:42.774+0000] {processor.py:840} INFO - DAG(s) 'deploy_project_postgres' retrieved from /opt/airflow/dags/execute copy.py
[2024-03-26T08:15:42.810+0000] {logging_mixin.py:188} INFO - [2024-03-26T08:15:42.810+0000] {dag.py:3047} INFO - Sync 1 DAGs
[2024-03-26T08:15:42.842+0000] {logging_mixin.py:188} INFO - [2024-03-26T08:15:42.842+0000] {dag.py:3834} INFO - Setting next_dagrun for deploy_project_postgres to 2024-03-26 09:30:00+00:00, run_after=2024-03-27 09:30:00+00:00
[2024-03-26T08:15:42.864+0000] {processor.py:183} INFO - Processing /opt/airflow/dags/execute copy.py took 0.115 seconds
[2024-03-26T08:16:13.062+0000] {processor.py:161} INFO - Started process (PID=52) to work on /opt/airflow/dags/execute copy.py
[2024-03-26T08:16:13.073+0000] {processor.py:830} INFO - Processing file /opt/airflow/dags/execute copy.py for tasks to queue
[2024-03-26T08:16:13.075+0000] {logging_mixin.py:188} INFO - [2024-03-26T08:16:13.075+0000] {dagbag.py:540} INFO - Filling up the DagBag from /opt/airflow/dags/execute copy.py
[2024-03-26T08:16:13.090+0000] {processor.py:840} INFO - DAG(s) 'deploy_project_postgres' retrieved from /opt/airflow/dags/execute copy.py
[2024-03-26T08:16:13.119+0000] {logging_mixin.py:188} INFO - [2024-03-26T08:16:13.119+0000] {dag.py:3047} INFO - Sync 1 DAGs
[2024-03-26T08:16:13.145+0000] {logging_mixin.py:188} INFO - [2024-03-26T08:16:13.145+0000] {dag.py:3834} INFO - Setting next_dagrun for deploy_project_postgres to 2024-03-26 09:30:00+00:00, run_after=2024-03-27 09:30:00+00:00
[2024-03-26T08:16:13.164+0000] {processor.py:183} INFO - Processing /opt/airflow/dags/execute copy.py took 0.109 seconds
[2024-03-26T08:16:43.378+0000] {processor.py:161} INFO - Started process (PID=61) to work on /opt/airflow/dags/execute copy.py
[2024-03-26T08:16:43.390+0000] {processor.py:830} INFO - Processing file /opt/airflow/dags/execute copy.py for tasks to queue
[2024-03-26T08:16:43.392+0000] {logging_mixin.py:188} INFO - [2024-03-26T08:16:43.392+0000] {dagbag.py:540} INFO - Filling up the DagBag from /opt/airflow/dags/execute copy.py
[2024-03-26T08:16:43.407+0000] {processor.py:840} INFO - DAG(s) 'deploy_project_postgres' retrieved from /opt/airflow/dags/execute copy.py
[2024-03-26T08:16:43.437+0000] {logging_mixin.py:188} INFO - [2024-03-26T08:16:43.437+0000] {dag.py:3047} INFO - Sync 1 DAGs
[2024-03-26T08:16:43.462+0000] {logging_mixin.py:188} INFO - [2024-03-26T08:16:43.461+0000] {dag.py:3834} INFO - Setting next_dagrun for deploy_project_postgres to 2024-03-26 09:30:00+00:00, run_after=2024-03-27 09:30:00+00:00
[2024-03-26T08:16:43.481+0000] {processor.py:183} INFO - Processing /opt/airflow/dags/execute copy.py took 0.110 seconds
[2024-03-26T08:17:13.677+0000] {processor.py:161} INFO - Started process (PID=70) to work on /opt/airflow/dags/execute copy.py
[2024-03-26T08:17:13.688+0000] {processor.py:830} INFO - Processing file /opt/airflow/dags/execute copy.py for tasks to queue
[2024-03-26T08:17:13.689+0000] {logging_mixin.py:188} INFO - [2024-03-26T08:17:13.689+0000] {dagbag.py:540} INFO - Filling up the DagBag from /opt/airflow/dags/execute copy.py
[2024-03-26T08:17:13.703+0000] {processor.py:840} INFO - DAG(s) 'deploy_project_postgres' retrieved from /opt/airflow/dags/execute copy.py
[2024-03-26T08:17:13.729+0000] {logging_mixin.py:188} INFO - [2024-03-26T08:17:13.729+0000] {dag.py:3047} INFO - Sync 1 DAGs
[2024-03-26T08:17:13.758+0000] {logging_mixin.py:188} INFO - [2024-03-26T08:17:13.758+0000] {dag.py:3834} INFO - Setting next_dagrun for deploy_project_postgres to 2024-03-26 09:30:00+00:00, run_after=2024-03-27 09:30:00+00:00
[2024-03-26T08:17:13.779+0000] {processor.py:183} INFO - Processing /opt/airflow/dags/execute copy.py took 0.108 seconds
[2024-03-26T08:17:43.953+0000] {processor.py:161} INFO - Started process (PID=79) to work on /opt/airflow/dags/execute copy.py
[2024-03-26T08:17:43.954+0000] {processor.py:830} INFO - Processing file /opt/airflow/dags/execute copy.py for tasks to queue
[2024-03-26T08:17:43.956+0000] {logging_mixin.py:188} INFO - [2024-03-26T08:17:43.956+0000] {dagbag.py:540} INFO - Filling up the DagBag from /opt/airflow/dags/execute copy.py
[2024-03-26T08:17:43.971+0000] {processor.py:840} INFO - DAG(s) 'deploy_project_postgres' retrieved from /opt/airflow/dags/execute copy.py
[2024-03-26T08:17:44.008+0000] {logging_mixin.py:188} INFO - [2024-03-26T08:17:44.007+0000] {dag.py:3047} INFO - Sync 1 DAGs
[2024-03-26T08:17:44.047+0000] {logging_mixin.py:188} INFO - [2024-03-26T08:17:44.047+0000] {dag.py:3834} INFO - Setting next_dagrun for deploy_project_postgres to 2024-03-26 09:30:00+00:00, run_after=2024-03-27 09:30:00+00:00
[2024-03-26T08:17:44.068+0000] {processor.py:183} INFO - Processing /opt/airflow/dags/execute copy.py took 0.120 seconds
[2024-03-26T08:18:14.270+0000] {processor.py:161} INFO - Started process (PID=88) to work on /opt/airflow/dags/execute copy.py
[2024-03-26T08:18:14.272+0000] {processor.py:830} INFO - Processing file /opt/airflow/dags/execute copy.py for tasks to queue
[2024-03-26T08:18:14.275+0000] {logging_mixin.py:188} INFO - [2024-03-26T08:18:14.275+0000] {dagbag.py:540} INFO - Filling up the DagBag from /opt/airflow/dags/execute copy.py
[2024-03-26T08:18:14.292+0000] {processor.py:840} INFO - DAG(s) 'deploy_project_postgres' retrieved from /opt/airflow/dags/execute copy.py
[2024-03-26T08:18:14.329+0000] {logging_mixin.py:188} INFO - [2024-03-26T08:18:14.328+0000] {dag.py:3047} INFO - Sync 1 DAGs
[2024-03-26T08:18:14.372+0000] {logging_mixin.py:188} INFO - [2024-03-26T08:18:14.372+0000] {dag.py:3834} INFO - Setting next_dagrun for deploy_project_postgres to 2024-03-26 09:30:00+00:00, run_after=2024-03-27 09:30:00+00:00
[2024-03-26T08:18:14.396+0000] {processor.py:183} INFO - Processing /opt/airflow/dags/execute copy.py took 0.132 seconds
[2024-03-26T08:18:44.592+0000] {processor.py:161} INFO - Started process (PID=97) to work on /opt/airflow/dags/execute copy.py
[2024-03-26T08:18:44.593+0000] {processor.py:830} INFO - Processing file /opt/airflow/dags/execute copy.py for tasks to queue
[2024-03-26T08:18:44.595+0000] {logging_mixin.py:188} INFO - [2024-03-26T08:18:44.595+0000] {dagbag.py:540} INFO - Filling up the DagBag from /opt/airflow/dags/execute copy.py
[2024-03-26T08:18:44.608+0000] {processor.py:840} INFO - DAG(s) 'deploy_project_postgres' retrieved from /opt/airflow/dags/execute copy.py
[2024-03-26T08:18:44.651+0000] {logging_mixin.py:188} INFO - [2024-03-26T08:18:44.651+0000] {dag.py:3047} INFO - Sync 1 DAGs
[2024-03-26T08:18:44.701+0000] {logging_mixin.py:188} INFO - [2024-03-26T08:18:44.701+0000] {dag.py:3834} INFO - Setting next_dagrun for deploy_project_postgres to 2024-03-26 09:30:00+00:00, run_after=2024-03-27 09:30:00+00:00
[2024-03-26T08:18:44.731+0000] {processor.py:183} INFO - Processing /opt/airflow/dags/execute copy.py took 0.142 seconds
[2024-03-26T08:19:14.947+0000] {processor.py:161} INFO - Started process (PID=106) to work on /opt/airflow/dags/execute copy.py
[2024-03-26T08:19:14.949+0000] {processor.py:830} INFO - Processing file /opt/airflow/dags/execute copy.py for tasks to queue
[2024-03-26T08:19:14.951+0000] {logging_mixin.py:188} INFO - [2024-03-26T08:19:14.950+0000] {dagbag.py:540} INFO - Filling up the DagBag from /opt/airflow/dags/execute copy.py
[2024-03-26T08:19:14.964+0000] {processor.py:840} INFO - DAG(s) 'deploy_project_postgres' retrieved from /opt/airflow/dags/execute copy.py
[2024-03-26T08:19:14.993+0000] {logging_mixin.py:188} INFO - [2024-03-26T08:19:14.993+0000] {dag.py:3047} INFO - Sync 1 DAGs
[2024-03-26T08:19:15.024+0000] {logging_mixin.py:188} INFO - [2024-03-26T08:19:15.023+0000] {dag.py:3834} INFO - Setting next_dagrun for deploy_project_postgres to 2024-03-26 09:30:00+00:00, run_after=2024-03-27 09:30:00+00:00
[2024-03-26T08:19:15.044+0000] {processor.py:183} INFO - Processing /opt/airflow/dags/execute copy.py took 0.103 seconds
[2024-03-26T08:19:45.233+0000] {processor.py:161} INFO - Started process (PID=115) to work on /opt/airflow/dags/execute copy.py
[2024-03-26T08:19:45.234+0000] {processor.py:830} INFO - Processing file /opt/airflow/dags/execute copy.py for tasks to queue
[2024-03-26T08:19:45.236+0000] {logging_mixin.py:188} INFO - [2024-03-26T08:19:45.236+0000] {dagbag.py:540} INFO - Filling up the DagBag from /opt/airflow/dags/execute copy.py
[2024-03-26T08:19:45.249+0000] {processor.py:840} INFO - DAG(s) 'deploy_project_postgres' retrieved from /opt/airflow/dags/execute copy.py
[2024-03-26T08:19:45.276+0000] {logging_mixin.py:188} INFO - [2024-03-26T08:19:45.276+0000] {dag.py:3047} INFO - Sync 1 DAGs
[2024-03-26T08:19:45.304+0000] {logging_mixin.py:188} INFO - [2024-03-26T08:19:45.303+0000] {dag.py:3834} INFO - Setting next_dagrun for deploy_project_postgres to 2024-03-26 09:30:00+00:00, run_after=2024-03-27 09:30:00+00:00
[2024-03-26T08:19:45.325+0000] {processor.py:183} INFO - Processing /opt/airflow/dags/execute copy.py took 0.095 seconds
[2024-03-26T08:20:15.529+0000] {processor.py:161} INFO - Started process (PID=124) to work on /opt/airflow/dags/execute copy.py
[2024-03-26T08:20:15.539+0000] {processor.py:830} INFO - Processing file /opt/airflow/dags/execute copy.py for tasks to queue
[2024-03-26T08:20:15.542+0000] {logging_mixin.py:188} INFO - [2024-03-26T08:20:15.541+0000] {dagbag.py:540} INFO - Filling up the DagBag from /opt/airflow/dags/execute copy.py
[2024-03-26T08:20:15.554+0000] {processor.py:840} INFO - DAG(s) 'deploy_project_postgres' retrieved from /opt/airflow/dags/execute copy.py
[2024-03-26T08:20:15.582+0000] {logging_mixin.py:188} INFO - [2024-03-26T08:20:15.582+0000] {dag.py:3047} INFO - Sync 1 DAGs
[2024-03-26T08:20:15.611+0000] {logging_mixin.py:188} INFO - [2024-03-26T08:20:15.611+0000] {dag.py:3834} INFO - Setting next_dagrun for deploy_project_postgres to 2024-03-26 09:30:00+00:00, run_after=2024-03-27 09:30:00+00:00
[2024-03-26T08:20:15.630+0000] {processor.py:183} INFO - Processing /opt/airflow/dags/execute copy.py took 0.105 seconds
[2024-03-26T08:20:45.814+0000] {processor.py:161} INFO - Started process (PID=133) to work on /opt/airflow/dags/execute copy.py
[2024-03-26T08:20:45.815+0000] {processor.py:830} INFO - Processing file /opt/airflow/dags/execute copy.py for tasks to queue
[2024-03-26T08:20:45.818+0000] {logging_mixin.py:188} INFO - [2024-03-26T08:20:45.817+0000] {dagbag.py:540} INFO - Filling up the DagBag from /opt/airflow/dags/execute copy.py
[2024-03-26T08:20:45.834+0000] {processor.py:840} INFO - DAG(s) 'deploy_project_postgres' retrieved from /opt/airflow/dags/execute copy.py
[2024-03-26T08:20:45.875+0000] {logging_mixin.py:188} INFO - [2024-03-26T08:20:45.875+0000] {dag.py:3047} INFO - Sync 1 DAGs
[2024-03-26T08:20:45.926+0000] {logging_mixin.py:188} INFO - [2024-03-26T08:20:45.926+0000] {dag.py:3834} INFO - Setting next_dagrun for deploy_project_postgres to 2024-03-26 09:30:00+00:00, run_after=2024-03-27 09:30:00+00:00
[2024-03-26T08:20:45.963+0000] {processor.py:183} INFO - Processing /opt/airflow/dags/execute copy.py took 0.153 seconds
[2024-03-26T08:21:16.166+0000] {processor.py:161} INFO - Started process (PID=142) to work on /opt/airflow/dags/execute copy.py
[2024-03-26T08:21:16.167+0000] {processor.py:830} INFO - Processing file /opt/airflow/dags/execute copy.py for tasks to queue
[2024-03-26T08:21:16.170+0000] {logging_mixin.py:188} INFO - [2024-03-26T08:21:16.169+0000] {dagbag.py:540} INFO - Filling up the DagBag from /opt/airflow/dags/execute copy.py
[2024-03-26T08:21:16.183+0000] {processor.py:840} INFO - DAG(s) 'deploy_project_postgres' retrieved from /opt/airflow/dags/execute copy.py
[2024-03-26T08:21:16.214+0000] {logging_mixin.py:188} INFO - [2024-03-26T08:21:16.214+0000] {dag.py:3047} INFO - Sync 1 DAGs
[2024-03-26T08:21:16.240+0000] {logging_mixin.py:188} INFO - [2024-03-26T08:21:16.240+0000] {dag.py:3834} INFO - Setting next_dagrun for deploy_project_postgres to 2024-03-26 09:30:00+00:00, run_after=2024-03-27 09:30:00+00:00
[2024-03-26T08:21:16.261+0000] {processor.py:183} INFO - Processing /opt/airflow/dags/execute copy.py took 0.099 seconds
[2024-03-26T08:21:46.462+0000] {processor.py:161} INFO - Started process (PID=151) to work on /opt/airflow/dags/execute copy.py
[2024-03-26T08:21:46.472+0000] {processor.py:830} INFO - Processing file /opt/airflow/dags/execute copy.py for tasks to queue
[2024-03-26T08:21:46.474+0000] {logging_mixin.py:188} INFO - [2024-03-26T08:21:46.474+0000] {dagbag.py:540} INFO - Filling up the DagBag from /opt/airflow/dags/execute copy.py
[2024-03-26T08:21:46.488+0000] {processor.py:840} INFO - DAG(s) 'deploy_project_postgres' retrieved from /opt/airflow/dags/execute copy.py
[2024-03-26T08:21:46.521+0000] {logging_mixin.py:188} INFO - [2024-03-26T08:21:46.521+0000] {dag.py:3047} INFO - Sync 1 DAGs
[2024-03-26T08:21:46.548+0000] {logging_mixin.py:188} INFO - [2024-03-26T08:21:46.548+0000] {dag.py:3834} INFO - Setting next_dagrun for deploy_project_postgres to 2024-03-26 09:30:00+00:00, run_after=2024-03-27 09:30:00+00:00
[2024-03-26T08:21:46.568+0000] {processor.py:183} INFO - Processing /opt/airflow/dags/execute copy.py took 0.111 seconds
[2024-03-26T08:22:16.758+0000] {processor.py:161} INFO - Started process (PID=160) to work on /opt/airflow/dags/execute copy.py
[2024-03-26T08:22:16.769+0000] {processor.py:830} INFO - Processing file /opt/airflow/dags/execute copy.py for tasks to queue
[2024-03-26T08:22:16.771+0000] {logging_mixin.py:188} INFO - [2024-03-26T08:22:16.771+0000] {dagbag.py:540} INFO - Filling up the DagBag from /opt/airflow/dags/execute copy.py
[2024-03-26T08:22:16.785+0000] {processor.py:840} INFO - DAG(s) 'deploy_project_postgres' retrieved from /opt/airflow/dags/execute copy.py
[2024-03-26T08:22:16.816+0000] {logging_mixin.py:188} INFO - [2024-03-26T08:22:16.816+0000] {dag.py:3047} INFO - Sync 1 DAGs
[2024-03-26T08:22:16.844+0000] {logging_mixin.py:188} INFO - [2024-03-26T08:22:16.844+0000] {dag.py:3834} INFO - Setting next_dagrun for deploy_project_postgres to 2024-03-26 09:30:00+00:00, run_after=2024-03-27 09:30:00+00:00
[2024-03-26T08:22:16.866+0000] {processor.py:183} INFO - Processing /opt/airflow/dags/execute copy.py took 0.114 seconds
[2024-03-26T08:22:47.049+0000] {processor.py:161} INFO - Started process (PID=169) to work on /opt/airflow/dags/execute copy.py
[2024-03-26T08:22:47.060+0000] {processor.py:830} INFO - Processing file /opt/airflow/dags/execute copy.py for tasks to queue
[2024-03-26T08:22:47.063+0000] {logging_mixin.py:188} INFO - [2024-03-26T08:22:47.062+0000] {dagbag.py:540} INFO - Filling up the DagBag from /opt/airflow/dags/execute copy.py
[2024-03-26T08:22:47.080+0000] {processor.py:840} INFO - DAG(s) 'deploy_project_postgres' retrieved from /opt/airflow/dags/execute copy.py
[2024-03-26T08:22:47.126+0000] {logging_mixin.py:188} INFO - [2024-03-26T08:22:47.125+0000] {dag.py:3047} INFO - Sync 1 DAGs
[2024-03-26T08:22:47.173+0000] {logging_mixin.py:188} INFO - [2024-03-26T08:22:47.173+0000] {dag.py:3834} INFO - Setting next_dagrun for deploy_project_postgres to 2024-03-26 09:30:00+00:00, run_after=2024-03-27 09:30:00+00:00
[2024-03-26T08:22:47.203+0000] {processor.py:183} INFO - Processing /opt/airflow/dags/execute copy.py took 0.159 seconds
