[2024-03-27T01:44:36.330+0000] {processor.py:161} INFO - Started process (PID=37) to work on /opt/airflow/dags/handle/insertFile.py
[2024-03-27T01:44:36.331+0000] {processor.py:830} INFO - Processing file /opt/airflow/dags/handle/insertFile.py for tasks to queue
[2024-03-27T01:44:36.334+0000] {logging_mixin.py:188} INFO - [2024-03-27T01:44:36.333+0000] {dagbag.py:540} INFO - Filling up the DagBag from /opt/airflow/dags/handle/insertFile.py
[2024-03-27T01:44:36.340+0000] {logging_mixin.py:188} INFO - [2024-03-27T01:44:36.338+0000] {dagbag.py:350} ERROR - Failed to import: /opt/airflow/dags/handle/insertFile.py
Traceback (most recent call last):
  File "/home/airflow/.local/lib/python3.8/site-packages/airflow/models/dagbag.py", line 346, in parse
    loader.exec_module(new_module)
  File "<frozen importlib._bootstrap_external>", line 843, in exec_module
  File "<frozen importlib._bootstrap>", line 219, in _call_with_frames_removed
  File "/opt/airflow/dags/handle/insertFile.py", line 1, in <module>
    from clickhouse_driver import Client
ModuleNotFoundError: No module named 'clickhouse_driver'
[2024-03-27T01:44:36.341+0000] {processor.py:842} WARNING - No viable dags retrieved from /opt/airflow/dags/handle/insertFile.py
[2024-03-27T01:44:36.377+0000] {processor.py:183} INFO - Processing /opt/airflow/dags/handle/insertFile.py took 0.053 seconds
[2024-03-27T01:45:06.802+0000] {processor.py:161} INFO - Started process (PID=46) to work on /opt/airflow/dags/handle/insertFile.py
[2024-03-27T01:45:06.804+0000] {processor.py:830} INFO - Processing file /opt/airflow/dags/handle/insertFile.py for tasks to queue
[2024-03-27T01:45:06.807+0000] {logging_mixin.py:188} INFO - [2024-03-27T01:45:06.807+0000] {dagbag.py:540} INFO - Filling up the DagBag from /opt/airflow/dags/handle/insertFile.py
[2024-03-27T01:45:06.814+0000] {logging_mixin.py:188} INFO - [2024-03-27T01:45:06.812+0000] {dagbag.py:350} ERROR - Failed to import: /opt/airflow/dags/handle/insertFile.py
Traceback (most recent call last):
  File "/home/airflow/.local/lib/python3.8/site-packages/airflow/models/dagbag.py", line 346, in parse
    loader.exec_module(new_module)
  File "<frozen importlib._bootstrap_external>", line 843, in exec_module
  File "<frozen importlib._bootstrap>", line 219, in _call_with_frames_removed
  File "/opt/airflow/dags/handle/insertFile.py", line 1, in <module>
    from clickhouse_driver import Client
ModuleNotFoundError: No module named 'clickhouse_driver'
[2024-03-27T01:45:06.815+0000] {processor.py:842} WARNING - No viable dags retrieved from /opt/airflow/dags/handle/insertFile.py
[2024-03-27T01:45:06.853+0000] {processor.py:183} INFO - Processing /opt/airflow/dags/handle/insertFile.py took 0.058 seconds
[2024-03-27T01:45:37.097+0000] {processor.py:161} INFO - Started process (PID=55) to work on /opt/airflow/dags/handle/insertFile.py
[2024-03-27T01:45:37.098+0000] {processor.py:830} INFO - Processing file /opt/airflow/dags/handle/insertFile.py for tasks to queue
[2024-03-27T01:45:37.100+0000] {logging_mixin.py:188} INFO - [2024-03-27T01:45:37.100+0000] {dagbag.py:540} INFO - Filling up the DagBag from /opt/airflow/dags/handle/insertFile.py
[2024-03-27T01:45:37.103+0000] {logging_mixin.py:188} INFO - [2024-03-27T01:45:37.103+0000] {dagbag.py:350} ERROR - Failed to import: /opt/airflow/dags/handle/insertFile.py
Traceback (most recent call last):
  File "/home/airflow/.local/lib/python3.8/site-packages/airflow/models/dagbag.py", line 346, in parse
    loader.exec_module(new_module)
  File "<frozen importlib._bootstrap_external>", line 843, in exec_module
  File "<frozen importlib._bootstrap>", line 219, in _call_with_frames_removed
  File "/opt/airflow/dags/handle/insertFile.py", line 1, in <module>
    from clickhouse_driver import Client
ModuleNotFoundError: No module named 'clickhouse_driver'
[2024-03-27T01:45:37.104+0000] {processor.py:842} WARNING - No viable dags retrieved from /opt/airflow/dags/handle/insertFile.py
[2024-03-27T01:45:37.124+0000] {processor.py:183} INFO - Processing /opt/airflow/dags/handle/insertFile.py took 0.030 seconds
[2024-03-27T01:46:07.548+0000] {processor.py:161} INFO - Started process (PID=65) to work on /opt/airflow/dags/handle/insertFile.py
[2024-03-27T01:46:07.549+0000] {processor.py:830} INFO - Processing file /opt/airflow/dags/handle/insertFile.py for tasks to queue
[2024-03-27T01:46:07.551+0000] {logging_mixin.py:188} INFO - [2024-03-27T01:46:07.551+0000] {dagbag.py:540} INFO - Filling up the DagBag from /opt/airflow/dags/handle/insertFile.py
[2024-03-27T01:46:07.555+0000] {logging_mixin.py:188} INFO - [2024-03-27T01:46:07.554+0000] {dagbag.py:350} ERROR - Failed to import: /opt/airflow/dags/handle/insertFile.py
Traceback (most recent call last):
  File "/home/airflow/.local/lib/python3.8/site-packages/airflow/models/dagbag.py", line 346, in parse
    loader.exec_module(new_module)
  File "<frozen importlib._bootstrap_external>", line 843, in exec_module
  File "<frozen importlib._bootstrap>", line 219, in _call_with_frames_removed
  File "/opt/airflow/dags/handle/insertFile.py", line 1, in <module>
    from clickhouse_driver import Client
ModuleNotFoundError: No module named 'clickhouse_driver'
[2024-03-27T01:46:07.555+0000] {processor.py:842} WARNING - No viable dags retrieved from /opt/airflow/dags/handle/insertFile.py
[2024-03-27T01:46:07.574+0000] {processor.py:183} INFO - Processing /opt/airflow/dags/handle/insertFile.py took 0.030 seconds
[2024-03-27T01:46:37.974+0000] {processor.py:161} INFO - Started process (PID=74) to work on /opt/airflow/dags/handle/insertFile.py
[2024-03-27T01:46:37.975+0000] {processor.py:830} INFO - Processing file /opt/airflow/dags/handle/insertFile.py for tasks to queue
[2024-03-27T01:46:37.976+0000] {logging_mixin.py:188} INFO - [2024-03-27T01:46:37.976+0000] {dagbag.py:540} INFO - Filling up the DagBag from /opt/airflow/dags/handle/insertFile.py
[2024-03-27T01:46:37.979+0000] {logging_mixin.py:188} INFO - [2024-03-27T01:46:37.979+0000] {dagbag.py:350} ERROR - Failed to import: /opt/airflow/dags/handle/insertFile.py
Traceback (most recent call last):
  File "/home/airflow/.local/lib/python3.8/site-packages/airflow/models/dagbag.py", line 346, in parse
    loader.exec_module(new_module)
  File "<frozen importlib._bootstrap_external>", line 843, in exec_module
  File "<frozen importlib._bootstrap>", line 219, in _call_with_frames_removed
  File "/opt/airflow/dags/handle/insertFile.py", line 1, in <module>
    from clickhouse_driver import Client
ModuleNotFoundError: No module named 'clickhouse_driver'
[2024-03-27T01:46:37.980+0000] {processor.py:842} WARNING - No viable dags retrieved from /opt/airflow/dags/handle/insertFile.py
[2024-03-27T01:46:37.999+0000] {processor.py:183} INFO - Processing /opt/airflow/dags/handle/insertFile.py took 0.029 seconds
