[2024-03-26T09:18:17.179+0000] {taskinstance.py:1979} INFO - Dependencies all met for dep_context=non-requeueable deps ti=<TaskInstance: deploy_project_clickhouse.task_3_query1 manual__2024-03-26T09:18:11.670006+00:00 [queued]>
[2024-03-26T09:18:17.197+0000] {taskinstance.py:1979} INFO - Dependencies all met for dep_context=requeueable deps ti=<TaskInstance: deploy_project_clickhouse.task_3_query1 manual__2024-03-26T09:18:11.670006+00:00 [queued]>
[2024-03-26T09:18:17.198+0000] {taskinstance.py:2193} INFO - Starting attempt 1 of 2
[2024-03-26T09:18:17.225+0000] {taskinstance.py:2217} INFO - Executing <Task(BashOperator): task_3_query1> on 2024-03-26 09:18:11.670006+00:00
[2024-03-26T09:18:17.234+0000] {standard_task_runner.py:60} INFO - Started process 1066 to run task
[2024-03-26T09:18:17.238+0000] {standard_task_runner.py:87} INFO - Running: ['***', 'tasks', 'run', 'deploy_project_clickhouse', 'task_3_query1', 'manual__2024-03-26T09:18:11.670006+00:00', '--job-id', '55', '--raw', '--subdir', 'DAGS_FOLDER/execute.py', '--cfg-path', '/tmp/tmpp9ry_766']
[2024-03-26T09:18:17.240+0000] {standard_task_runner.py:88} INFO - Job 55: Subtask task_3_query1
[2024-03-26T09:18:17.296+0000] {task_command.py:423} INFO - Running <TaskInstance: deploy_project_clickhouse.task_3_query1 manual__2024-03-26T09:18:11.670006+00:00 [running]> on host aafb497b2b81
[2024-03-26T09:18:17.409+0000] {taskinstance.py:2513} INFO - Exporting env vars: AIRFLOW_CTX_DAG_OWNER='***' AIRFLOW_CTX_DAG_ID='deploy_project_clickhouse' AIRFLOW_CTX_TASK_ID='task_3_query1' AIRFLOW_CTX_EXECUTION_DATE='2024-03-26T09:18:11.670006+00:00' AIRFLOW_CTX_TRY_NUMBER='1' AIRFLOW_CTX_DAG_RUN_ID='manual__2024-03-26T09:18:11.670006+00:00'
[2024-03-26T09:18:17.411+0000] {subprocess.py:63} INFO - Tmp dir root location: /tmp
[2024-03-26T09:18:17.413+0000] {subprocess.py:75} INFO - Running command: ['/usr/bin/bash', '-c', 'python /opt/***/dags/handle/query1.py']
[2024-03-26T09:18:17.437+0000] {subprocess.py:86} INFO - Output:
[2024-03-26T09:18:17.769+0000] {subprocess.py:93} INFO - 
[2024-03-26T09:18:17.770+0000] {subprocess.py:93} INFO - Tổng lượng view và click theo Campaign_ID trong một ngày
[2024-03-26T09:18:17.770+0000] {subprocess.py:93} INFO - 
[2024-03-26T09:18:17.771+0000] {subprocess.py:93} INFO - ('campaign_abc', 12, datetime.date(2024, 3, 25))
[2024-03-26T09:18:17.771+0000] {subprocess.py:93} INFO - ('campaign_def', 15, datetime.date(2024, 3, 25))
[2024-03-26T09:18:17.772+0000] {subprocess.py:93} INFO - ('campaign_xyz', 24, datetime.date(2024, 3, 25))
[2024-03-26T09:18:17.772+0000] {subprocess.py:93} INFO - ('campaign_abc', 18, datetime.date(2024, 3, 26))
[2024-03-26T09:18:17.773+0000] {subprocess.py:93} INFO - ('campaign_def', 18, datetime.date(2024, 3, 26))
[2024-03-26T09:18:17.773+0000] {subprocess.py:93} INFO - ('campaign_xyz', 36, datetime.date(2024, 3, 26))
[2024-03-26T09:18:17.773+0000] {subprocess.py:93} INFO - ('campaign_abc', 3, datetime.date(2024, 3, 27))
[2024-03-26T09:18:17.774+0000] {subprocess.py:93} INFO - ('campaign_xyz', 3, datetime.date(2024, 3, 27))
[2024-03-26T09:18:17.833+0000] {subprocess.py:97} INFO - Command exited with return code 0
[2024-03-26T09:18:17.875+0000] {taskinstance.py:1149} INFO - Marking task as SUCCESS. dag_id=deploy_project_clickhouse, task_id=task_3_query1, execution_date=20240326T091811, start_date=20240326T091817, end_date=20240326T091817
[2024-03-26T09:18:17.934+0000] {local_task_job_runner.py:234} INFO - Task exited with return code 0
[2024-03-26T09:18:17.955+0000] {taskinstance.py:3312} INFO - 0 downstream tasks scheduled from follow-on schedule check
