[2024-03-26T04:30:25.920+0000] {taskinstance.py:1979} INFO - Dependencies all met for dep_context=non-requeueable deps ti=<TaskInstance: deploy_project_clickhouse.task_4_query2 manual__2024-03-26T04:30:21.501561+00:00 [queued]>
[2024-03-26T04:30:25.931+0000] {taskinstance.py:1979} INFO - Dependencies all met for dep_context=requeueable deps ti=<TaskInstance: deploy_project_clickhouse.task_4_query2 manual__2024-03-26T04:30:21.501561+00:00 [queued]>
[2024-03-26T04:30:25.931+0000] {taskinstance.py:2193} INFO - Starting attempt 1 of 2
[2024-03-26T04:30:25.944+0000] {taskinstance.py:2217} INFO - Executing <Task(BashOperator): task_4_query2> on 2024-03-26 04:30:21.501561+00:00
[2024-03-26T04:30:25.949+0000] {standard_task_runner.py:60} INFO - Started process 904 to run task
[2024-03-26T04:30:25.954+0000] {standard_task_runner.py:87} INFO - Running: ['***', 'tasks', 'run', 'deploy_project_clickhouse', 'task_4_query2', 'manual__2024-03-26T04:30:21.501561+00:00', '--job-id', '47', '--raw', '--subdir', 'DAGS_FOLDER/execute.py', '--cfg-path', '/tmp/tmp_unyu4vz']
[2024-03-26T04:30:25.955+0000] {standard_task_runner.py:88} INFO - Job 47: Subtask task_4_query2
[2024-03-26T04:30:26.010+0000] {task_command.py:423} INFO - Running <TaskInstance: deploy_project_clickhouse.task_4_query2 manual__2024-03-26T04:30:21.501561+00:00 [running]> on host aafb497b2b81
[2024-03-26T04:30:26.091+0000] {taskinstance.py:2513} INFO - Exporting env vars: AIRFLOW_CTX_DAG_OWNER='***' AIRFLOW_CTX_DAG_ID='deploy_project_clickhouse' AIRFLOW_CTX_TASK_ID='task_4_query2' AIRFLOW_CTX_EXECUTION_DATE='2024-03-26T04:30:21.501561+00:00' AIRFLOW_CTX_TRY_NUMBER='1' AIRFLOW_CTX_DAG_RUN_ID='manual__2024-03-26T04:30:21.501561+00:00'
[2024-03-26T04:30:26.093+0000] {subprocess.py:63} INFO - Tmp dir root location: /tmp
[2024-03-26T04:30:26.094+0000] {subprocess.py:75} INFO - Running command: ['/usr/bin/bash', '-c', 'python /opt/***/dags/handle/query2.py']
[2024-03-26T04:30:26.105+0000] {subprocess.py:86} INFO - Output:
[2024-03-26T04:30:26.421+0000] {subprocess.py:93} INFO - 
[2024-03-26T04:30:26.422+0000] {subprocess.py:93} INFO - Lấy user_id và tổng action theo view và click trong một ngày
[2024-03-26T04:30:26.422+0000] {subprocess.py:93} INFO - 
[2024-03-26T04:30:26.422+0000] {subprocess.py:93} INFO - (54321, 12, 0, datetime.date(2024, 3, 25))
[2024-03-26T04:30:26.422+0000] {subprocess.py:93} INFO - (12345, 0, 3, datetime.date(2024, 3, 27))
[2024-03-26T04:30:26.423+0000] {subprocess.py:93} INFO - (67890, 12, 3, datetime.date(2024, 3, 25))
[2024-03-26T04:30:26.423+0000] {subprocess.py:93} INFO - (54321, 3, 0, datetime.date(2024, 3, 27))
[2024-03-26T04:30:26.423+0000] {subprocess.py:93} INFO - (12345, 0, 12, datetime.date(2024, 3, 25))
[2024-03-26T04:30:26.423+0000] {subprocess.py:93} INFO - (23456, 0, 18, datetime.date(2024, 3, 26))
[2024-03-26T04:30:26.423+0000] {subprocess.py:93} INFO - (67890, 18, 0, datetime.date(2024, 3, 26))
[2024-03-26T04:30:26.424+0000] {subprocess.py:93} INFO - (54321, 18, 0, datetime.date(2024, 3, 26))
[2024-03-26T04:30:26.424+0000] {subprocess.py:93} INFO - (12345, 0, 18, datetime.date(2024, 3, 26))
[2024-03-26T04:30:26.424+0000] {subprocess.py:93} INFO - (23456, 0, 12, datetime.date(2024, 3, 25))
[2024-03-26T04:30:26.450+0000] {subprocess.py:97} INFO - Command exited with return code 0
[2024-03-26T04:30:26.514+0000] {taskinstance.py:1149} INFO - Marking task as SUCCESS. dag_id=deploy_project_clickhouse, task_id=task_4_query2, execution_date=20240326T043021, start_date=20240326T043025, end_date=20240326T043026
[2024-03-26T04:30:26.607+0000] {local_task_job_runner.py:234} INFO - Task exited with return code 0
[2024-03-26T04:30:26.645+0000] {taskinstance.py:3312} INFO - 0 downstream tasks scheduled from follow-on schedule check
