[2024-03-26T09:18:17.152+0000] {taskinstance.py:1979} INFO - Dependencies all met for dep_context=non-requeueable deps ti=<TaskInstance: deploy_project_clickhouse.task_4_query2 manual__2024-03-26T09:18:11.670006+00:00 [queued]>
[2024-03-26T09:18:17.168+0000] {taskinstance.py:1979} INFO - Dependencies all met for dep_context=requeueable deps ti=<TaskInstance: deploy_project_clickhouse.task_4_query2 manual__2024-03-26T09:18:11.670006+00:00 [queued]>
[2024-03-26T09:18:17.169+0000] {taskinstance.py:2193} INFO - Starting attempt 1 of 2
[2024-03-26T09:18:17.191+0000] {taskinstance.py:2217} INFO - Executing <Task(BashOperator): task_4_query2> on 2024-03-26 09:18:11.670006+00:00
[2024-03-26T09:18:17.198+0000] {standard_task_runner.py:60} INFO - Started process 1065 to run task
[2024-03-26T09:18:17.205+0000] {standard_task_runner.py:87} INFO - Running: ['***', 'tasks', 'run', 'deploy_project_clickhouse', 'task_4_query2', 'manual__2024-03-26T09:18:11.670006+00:00', '--job-id', '54', '--raw', '--subdir', 'DAGS_FOLDER/execute.py', '--cfg-path', '/tmp/tmp04q5oh_n']
[2024-03-26T09:18:17.206+0000] {standard_task_runner.py:88} INFO - Job 54: Subtask task_4_query2
[2024-03-26T09:18:17.275+0000] {task_command.py:423} INFO - Running <TaskInstance: deploy_project_clickhouse.task_4_query2 manual__2024-03-26T09:18:11.670006+00:00 [running]> on host aafb497b2b81
[2024-03-26T09:18:17.409+0000] {taskinstance.py:2513} INFO - Exporting env vars: AIRFLOW_CTX_DAG_OWNER='***' AIRFLOW_CTX_DAG_ID='deploy_project_clickhouse' AIRFLOW_CTX_TASK_ID='task_4_query2' AIRFLOW_CTX_EXECUTION_DATE='2024-03-26T09:18:11.670006+00:00' AIRFLOW_CTX_TRY_NUMBER='1' AIRFLOW_CTX_DAG_RUN_ID='manual__2024-03-26T09:18:11.670006+00:00'
[2024-03-26T09:18:17.412+0000] {subprocess.py:63} INFO - Tmp dir root location: /tmp
[2024-03-26T09:18:17.413+0000] {subprocess.py:75} INFO - Running command: ['/usr/bin/bash', '-c', 'python /opt/***/dags/handle/query2.py']
[2024-03-26T09:18:17.429+0000] {subprocess.py:86} INFO - Output:
[2024-03-26T09:18:17.773+0000] {subprocess.py:93} INFO - 
[2024-03-26T09:18:17.773+0000] {subprocess.py:93} INFO - Lấy user_id và tổng action theo view và click trong một ngày
[2024-03-26T09:18:17.774+0000] {subprocess.py:93} INFO - 
[2024-03-26T09:18:17.774+0000] {subprocess.py:93} INFO - (54321, 24, 0, datetime.date(2024, 3, 25))
[2024-03-26T09:18:17.774+0000] {subprocess.py:93} INFO - (12345, 0, 6, datetime.date(2024, 3, 27))
[2024-03-26T09:18:17.775+0000] {subprocess.py:93} INFO - (67890, 24, 6, datetime.date(2024, 3, 25))
[2024-03-26T09:18:17.775+0000] {subprocess.py:93} INFO - (54321, 6, 0, datetime.date(2024, 3, 27))
[2024-03-26T09:18:17.775+0000] {subprocess.py:93} INFO - (12345, 0, 24, datetime.date(2024, 3, 25))
[2024-03-26T09:18:17.776+0000] {subprocess.py:93} INFO - (23456, 0, 36, datetime.date(2024, 3, 26))
[2024-03-26T09:18:17.776+0000] {subprocess.py:93} INFO - (67890, 36, 0, datetime.date(2024, 3, 26))
[2024-03-26T09:18:17.776+0000] {subprocess.py:93} INFO - (54321, 36, 0, datetime.date(2024, 3, 26))
[2024-03-26T09:18:17.777+0000] {subprocess.py:93} INFO - (12345, 0, 36, datetime.date(2024, 3, 26))
[2024-03-26T09:18:17.777+0000] {subprocess.py:93} INFO - (23456, 0, 24, datetime.date(2024, 3, 25))
[2024-03-26T09:18:17.827+0000] {subprocess.py:97} INFO - Command exited with return code 0
[2024-03-26T09:18:17.874+0000] {taskinstance.py:1149} INFO - Marking task as SUCCESS. dag_id=deploy_project_clickhouse, task_id=task_4_query2, execution_date=20240326T091811, start_date=20240326T091817, end_date=20240326T091817
[2024-03-26T09:18:17.897+0000] {local_task_job_runner.py:234} INFO - Task exited with return code 0
[2024-03-26T09:18:17.923+0000] {taskinstance.py:3312} INFO - 0 downstream tasks scheduled from follow-on schedule check
